<?xml version="1.0" encoding="UTF-8"?>
<!-- Generated by org.testng.reporters.JUnitReportReporter -->
<testsuite hostname="DESKTOP-S1UAVLS" failures="0" tests="2" name="Academy.HomePage" time="28.734" errors="0" timestamp="2021-04-10T08:11:24 IST" skipped="0">
  <testcase classname="Academy.HomePage" name="basePageNavigation" time="20.802"/>
  <system-out/>
  <testcase classname="Academy.HomePage" name="basePageNavigation" time="7.932"/>
  <system-out/>
</testsuite> <!-- Academy.HomePage -->
