<?xml version="1.0" encoding="UTF-8"?>
<!-- Generated by org.testng.reporters.JUnitReportReporter -->
<testsuite hostname="DESKTOP-S1UAVLS" failures="0" tests="1" name="rahultest.ExtentReports.ExtentReportDemo" time="14.118" errors="0" timestamp="2021-01-07T09:01:58 IST" skipped="0">
  <testcase classname="rahultest.ExtentReports.ExtentReportDemo" name="initialDemo" time="14.118"/>
  <system-out/>
</testsuite> <!-- rahultest.ExtentReports.ExtentReportDemo -->
